<?xml version="1.0" encoding="UTF-8"?>
<coverage generated="1658677408505" clover="3.2.0">
  <project timestamp="1658677408506" name="All files">
    <metrics statements="45" coveredstatements="42" conditionals="24" coveredconditionals="23" methods="9" coveredmethods="9" elements="78" coveredelements="74" complexity="0" loc="45" ncloc="45" packages="1" files="1" classes="1"/>
    <file name="optionFunctions.js" path="/media/Austausch/Projekte/PHP/trainingsmanager-vuejs/assets/src/shared/optionFunctions.js">
      <metrics statements="45" coveredstatements="42" conditionals="24" coveredconditionals="23" methods="9" coveredmethods="9"/>
      <line num="1" count="1" type="stmt"/>
      <line num="7" count="5" type="stmt"/>
      <line num="8" count="5" type="stmt"/>
      <line num="10" count="5" type="cond" truecount="2" falsecount="0"/>
      <line num="11" count="1" type="stmt"/>
      <line num="14" count="4" type="stmt"/>
      <line num="16" count="4" type="stmt"/>
      <line num="17" count="8" type="stmt"/>
      <line num="18" count="8" type="stmt"/>
      <line num="19" count="8" type="cond" truecount="4" falsecount="0"/>
      <line num="23" count="6" type="stmt"/>
      <line num="24" count="6" type="stmt"/>
      <line num="25" count="6" type="stmt"/>
      <line num="26" count="6" type="stmt"/>
      <line num="35" count="6" type="cond" truecount="2" falsecount="0"/>
      <line num="36" count="2" type="stmt"/>
      <line num="37" count="2" type="stmt"/>
      <line num="38" count="6" type="stmt"/>
      <line num="39" count="6" type="stmt"/>
      <line num="41" count="6" type="cond" truecount="2" falsecount="0"/>
      <line num="42" count="1" type="stmt"/>
      <line num="45" count="6" type="stmt"/>
      <line num="51" count="4" type="stmt"/>
      <line num="54" count="6" type="stmt"/>
      <line num="57" count="2" type="stmt"/>
      <line num="60" count="3" type="stmt"/>
      <line num="63" count="13" type="stmt"/>
      <line num="64" count="13" type="stmt"/>
      <line num="65" count="13" type="cond" truecount="2" falsecount="0"/>
      <line num="67" count="13" type="cond" truecount="2" falsecount="0"/>
      <line num="70" count="7" type="stmt"/>
      <line num="73" count="9" type="stmt"/>
      <line num="74" count="9" type="stmt"/>
      <line num="75" count="8" type="cond" truecount="6" falsecount="0"/>
      <line num="82" count="5" type="stmt"/>
      <line num="83" count="5" type="stmt"/>
      <line num="86" count="9" type="stmt"/>
      <line num="90" count="1" type="stmt"/>
      <line num="91" count="1" type="stmt"/>
      <line num="92" count="1" type="stmt"/>
      <line num="93" count="0" type="stmt"/>
      <line num="94" count="0" type="stmt"/>
      <line num="101" count="0" type="stmt"/>
      <line num="104" count="10" type="cond" truecount="3" falsecount="1"/>
      <line num="113" count="1" type="stmt"/>
    </file>
  </project>
</coverage>
