{"/media/Austausch/Projekte/PHP/trainingsmanager-vuejs/assets/vue/shared/optionFunctions.js": {"path":"/media/Austausch/Projekte/PHP/trainingsmanager-vuejs/assets/vue/shared/optionFunctions.js","statementMap":{"0":{"start":{"line":1,"column":24},"end":{"line":111,"column":1}},"1":{"start":{"line":7,"column":4},"end":{"line":7,"column":45}},"2":{"start":{"line":8,"column":24},"end":{"line":8,"column":26}},"3":{"start":{"line":10,"column":4},"end":{"line":12,"column":5}},"4":{"start":{"line":11,"column":6},"end":{"line":11,"column":27}},"5":{"start":{"line":14,"column":4},"end":{"line":14,"column":42}},"6":{"start":{"line":16,"column":4},"end":{"line":55,"column":5}},"7":{"start":{"line":17,"column":27},"end":{"line":17,"column":47}},"8":{"start":{"line":18,"column":6},"end":{"line":18,"column":39}},"9":{"start":{"line":19,"column":18},"end":{"line":21,"column":103}},"10":{"start":{"line":23,"column":17},"end":{"line":23,"column":36}},"11":{"start":{"line":24,"column":30},"end":{"line":24,"column":85}},"12":{"start":{"line":25,"column":21},"end":{"line":25,"column":53}},"13":{"start":{"line":26,"column":30},"end":{"line":33,"column":7}},"14":{"start":{"line":35,"column":6},"end":{"line":52,"column":7}},"15":{"start":{"line":36,"column":8},"end":{"line":36,"column":84}},"16":{"start":{"line":37,"column":8},"end":{"line":49,"column":11}},"17":{"start":{"line":38,"column":20},"end":{"line":38,"column":95}},"18":{"start":{"line":39,"column":25},"end":{"line":39,"column":43}},"19":{"start":{"line":41,"column":10},"end":{"line":43,"column":11}},"20":{"start":{"line":42,"column":12},"end":{"line":42,"column":77}},"21":{"start":{"line":45,"column":10},"end":{"line":48,"column":12}},"22":{"start":{"line":51,"column":8},"end":{"line":51,"column":61}},"23":{"start":{"line":54,"column":6},"end":{"line":54,"column":44}},"24":{"start":{"line":57,"column":4},"end":{"line":57,"column":25}},"25":{"start":{"line":60,"column":4},"end":{"line":60,"column":28}},"26":{"start":{"line":63,"column":18},"end":{"line":63,"column":22}},"27":{"start":{"line":64,"column":22},"end":{"line":64,"column":39}},"28":{"start":{"line":65,"column":17},"end":{"line":65,"column":54}},"29":{"start":{"line":67,"column":4},"end":{"line":67,"column":33}},"30":{"start":{"line":70,"column":4},"end":{"line":70,"column":51}},"31":{"start":{"line":73,"column":22},"end":{"line":73,"column":26}},"32":{"start":{"line":74,"column":4},"end":{"line":85,"column":7}},"33":{"start":{"line":75,"column":6},"end":{"line":84,"column":7}},"34":{"start":{"line":82,"column":8},"end":{"line":82,"column":55}},"35":{"start":{"line":83,"column":8},"end":{"line":83,"column":27}},"36":{"start":{"line":86,"column":4},"end":{"line":86,"column":23}},"37":{"start":{"line":90,"column":17},"end":{"line":90,"column":19}},"38":{"start":{"line":91,"column":4},"end":{"line":99,"column":5}},"39":{"start":{"line":92,"column":15},"end":{"line":92,"column":39}},"40":{"start":{"line":93,"column":18},"end":{"line":93,"column":45}},"41":{"start":{"line":94,"column":6},"end":{"line":98,"column":8}},"42":{"start":{"line":101,"column":4},"end":{"line":101,"column":18}},"43":{"start":{"line":104,"column":4},"end":{"line":109,"column":8}},"44":{"start":{"line":113,"column":0},"end":{"line":113,"column":33}}},"fnMap":{"0":{"name":"(anonymous_0)","decl":{"start":{"line":6,"column":26},"end":{"line":6,"column":27}},"loc":{"start":{"line":6,"column":105},"end":{"line":58,"column":3}},"line":6},"1":{"name":"(anonymous_1)","decl":{"start":{"line":37,"column":41},"end":{"line":37,"column":42}},"loc":{"start":{"line":37,"column":63},"end":{"line":49,"column":9}},"line":37},"2":{"name":"(anonymous_2)","decl":{"start":{"line":59,"column":2},"end":{"line":59,"column":3}},"loc":{"start":{"line":59,"column":21},"end":{"line":61,"column":3}},"line":59},"3":{"name":"(anonymous_3)","decl":{"start":{"line":62,"column":2},"end":{"line":62,"column":3}},"loc":{"start":{"line":62,"column":27},"end":{"line":68,"column":3}},"line":62},"4":{"name":"(anonymous_4)","decl":{"start":{"line":69,"column":2},"end":{"line":69,"column":3}},"loc":{"start":{"line":69,"column":59},"end":{"line":71,"column":3}},"line":69},"5":{"name":"(anonymous_5)","decl":{"start":{"line":72,"column":2},"end":{"line":72,"column":3}},"loc":{"start":{"line":72,"column":85},"end":{"line":87,"column":3}},"line":72},"6":{"name":"(anonymous_6)","decl":{"start":{"line":74,"column":30},"end":{"line":74,"column":31}},"loc":{"start":{"line":74,"column":52},"end":{"line":85,"column":5}},"line":74},"7":{"name":"(anonymous_7)","decl":{"start":{"line":88,"column":2},"end":{"line":88,"column":3}},"loc":{"start":{"line":89,"column":2},"end":{"line":102,"column":3}},"line":89},"8":{"name":"(anonymous_8)","decl":{"start":{"line":103,"column":2},"end":{"line":103,"column":3}},"loc":{"start":{"line":103,"column":19},"end":{"line":110,"column":3}},"line":103}},"branchMap":{"0":{"loc":{"start":{"line":10,"column":4},"end":{"line":12,"column":5}},"type":"if","locations":[{"start":{"line":10,"column":4},"end":{"line":12,"column":5}},{"start":{},"end":{}}],"line":10},"1":{"loc":{"start":{"line":19,"column":18},"end":{"line":21,"column":103}},"type":"cond-expr","locations":[{"start":{"line":20,"column":10},"end":{"line":20,"column":57}},{"start":{"line":21,"column":10},"end":{"line":21,"column":103}}],"line":19},"2":{"loc":{"start":{"line":19,"column":19},"end":{"line":19,"column":134}},"type":"binary-expr","locations":[{"start":{"line":19,"column":19},"end":{"line":19,"column":74}},{"start":{"line":19,"column":78},"end":{"line":19,"column":134}}],"line":19},"3":{"loc":{"start":{"line":35,"column":6},"end":{"line":52,"column":7}},"type":"if","locations":[{"start":{"line":35,"column":6},"end":{"line":52,"column":7}},{"start":{"line":50,"column":13},"end":{"line":52,"column":7}}],"line":35},"4":{"loc":{"start":{"line":41,"column":10},"end":{"line":43,"column":11}},"type":"if","locations":[{"start":{"line":41,"column":10},"end":{"line":43,"column":11}},{"start":{},"end":{}}],"line":41},"5":{"loc":{"start":{"line":65,"column":17},"end":{"line":65,"column":54}},"type":"binary-expr","locations":[{"start":{"line":65,"column":17},"end":{"line":65,"column":28}},{"start":{"line":65,"column":32},"end":{"line":65,"column":54}}],"line":65},"6":{"loc":{"start":{"line":67,"column":11},"end":{"line":67,"column":32}},"type":"cond-expr","locations":[{"start":{"line":67,"column":20},"end":{"line":67,"column":24}},{"start":{"line":67,"column":27},"end":{"line":67,"column":32}}],"line":67},"7":{"loc":{"start":{"line":75,"column":6},"end":{"line":84,"column":7}},"type":"if","locations":[{"start":{"line":75,"column":6},"end":{"line":84,"column":7}},{"start":{},"end":{}}],"line":75},"8":{"loc":{"start":{"line":75,"column":10},"end":{"line":80,"column":9}},"type":"binary-expr","locations":[{"start":{"line":75,"column":10},"end":{"line":75,"column":50}},{"start":{"line":76,"column":11},"end":{"line":76,"column":43}},{"start":{"line":78,"column":10},"end":{"line":78,"column":29}},{"start":{"line":79,"column":13},"end":{"line":79,"column":81}}],"line":75},"9":{"loc":{"start":{"line":104,"column":11},"end":{"line":109,"column":7}},"type":"binary-expr","locations":[{"start":{"line":104,"column":11},"end":{"line":104,"column":25}},{"start":{"line":106,"column":8},"end":{"line":106,"column":30}},{"start":{"line":107,"column":11},"end":{"line":107,"column":36}},{"start":{"line":108,"column":11},"end":{"line":108,"column":43}}],"line":104}},"s":{"0":1,"1":5,"2":5,"3":5,"4":1,"5":4,"6":4,"7":8,"8":8,"9":8,"10":6,"11":6,"12":6,"13":6,"14":6,"15":2,"16":2,"17":6,"18":6,"19":6,"20":1,"21":6,"22":4,"23":6,"24":2,"25":3,"26":13,"27":13,"28":13,"29":13,"30":7,"31":9,"32":9,"33":8,"34":5,"35":5,"36":9,"37":1,"38":1,"39":1,"40":0,"41":0,"42":0,"43":10,"44":1},"f":{"0":5,"1":6,"2":3,"3":13,"4":7,"5":9,"6":8,"7":1,"8":10},"b":{"0":[1,4],"1":[2,4],"2":[8,2],"3":[2,4],"4":[1,5],"5":[13,4],"6":[4,9],"7":[5,3],"8":[8,6,6,4],"9":[10,8,8,0]},"_coverageSchema":"1a1c01bbd47fc00a2c39e90264f33305004495a9","hash":"f53780be9ba52987d97f62e402d93775364ddaf6"}
}
