{"/media/Austausch/Projekte/PHP/trainingsmanager-vuejs/assets/vue/shared/optionFunctions.js": {"path":"/media/Austausch/Projekte/PHP/trainingsmanager-vuejs/assets/vue/shared/optionFunctions.js","statementMap":{"0":{"start":{"line":1,"column":24},"end":{"line":125,"column":1}},"1":{"start":{"line":7,"column":24},"end":{"line":7,"column":26}},"2":{"start":{"line":9,"column":4},"end":{"line":11,"column":5}},"3":{"start":{"line":10,"column":6},"end":{"line":10,"column":27}},"4":{"start":{"line":13,"column":4},"end":{"line":51,"column":5}},"5":{"start":{"line":14,"column":27},"end":{"line":14,"column":47}},"6":{"start":{"line":15,"column":18},"end":{"line":17,"column":103}},"7":{"start":{"line":19,"column":17},"end":{"line":19,"column":36}},"8":{"start":{"line":20,"column":30},"end":{"line":20,"column":85}},"9":{"start":{"line":21,"column":21},"end":{"line":21,"column":53}},"10":{"start":{"line":22,"column":30},"end":{"line":29,"column":7}},"11":{"start":{"line":31,"column":6},"end":{"line":48,"column":7}},"12":{"start":{"line":32,"column":8},"end":{"line":32,"column":84}},"13":{"start":{"line":33,"column":8},"end":{"line":45,"column":11}},"14":{"start":{"line":34,"column":20},"end":{"line":34,"column":95}},"15":{"start":{"line":35,"column":25},"end":{"line":35,"column":43}},"16":{"start":{"line":37,"column":10},"end":{"line":39,"column":11}},"17":{"start":{"line":38,"column":12},"end":{"line":38,"column":77}},"18":{"start":{"line":41,"column":10},"end":{"line":44,"column":12}},"19":{"start":{"line":47,"column":8},"end":{"line":47,"column":61}},"20":{"start":{"line":50,"column":6},"end":{"line":50,"column":44}},"21":{"start":{"line":53,"column":4},"end":{"line":53,"column":25}},"22":{"start":{"line":56,"column":26},"end":{"line":56,"column":28}},"23":{"start":{"line":57,"column":41},"end":{"line":57,"column":43}},"24":{"start":{"line":59,"column":4},"end":{"line":61,"column":7}},"25":{"start":{"line":60,"column":6},"end":{"line":60,"column":90}},"26":{"start":{"line":63,"column":4},"end":{"line":69,"column":5}},"27":{"start":{"line":64,"column":6},"end":{"line":68,"column":7}},"28":{"start":{"line":65,"column":8},"end":{"line":65,"column":110}},"29":{"start":{"line":67,"column":8},"end":{"line":67,"column":56}},"30":{"start":{"line":71,"column":4},"end":{"line":71,"column":27}},"31":{"start":{"line":74,"column":4},"end":{"line":74,"column":28}},"32":{"start":{"line":77,"column":18},"end":{"line":77,"column":22}},"33":{"start":{"line":78,"column":22},"end":{"line":78,"column":39}},"34":{"start":{"line":79,"column":17},"end":{"line":79,"column":54}},"35":{"start":{"line":81,"column":4},"end":{"line":81,"column":33}},"36":{"start":{"line":84,"column":4},"end":{"line":84,"column":51}},"37":{"start":{"line":87,"column":22},"end":{"line":87,"column":26}},"38":{"start":{"line":88,"column":4},"end":{"line":99,"column":7}},"39":{"start":{"line":89,"column":6},"end":{"line":98,"column":7}},"40":{"start":{"line":96,"column":8},"end":{"line":96,"column":55}},"41":{"start":{"line":97,"column":8},"end":{"line":97,"column":27}},"42":{"start":{"line":100,"column":4},"end":{"line":100,"column":23}},"43":{"start":{"line":104,"column":17},"end":{"line":104,"column":19}},"44":{"start":{"line":105,"column":4},"end":{"line":113,"column":5}},"45":{"start":{"line":106,"column":15},"end":{"line":106,"column":39}},"46":{"start":{"line":107,"column":18},"end":{"line":107,"column":45}},"47":{"start":{"line":108,"column":6},"end":{"line":112,"column":8}},"48":{"start":{"line":115,"column":4},"end":{"line":115,"column":18}},"49":{"start":{"line":118,"column":4},"end":{"line":123,"column":8}},"50":{"start":{"line":127,"column":0},"end":{"line":127,"column":33}}},"fnMap":{"0":{"name":"(anonymous_0)","decl":{"start":{"line":6,"column":26},"end":{"line":6,"column":27}},"loc":{"start":{"line":6,"column":105},"end":{"line":54,"column":3}},"line":6},"1":{"name":"(anonymous_1)","decl":{"start":{"line":33,"column":41},"end":{"line":33,"column":42}},"loc":{"start":{"line":33,"column":63},"end":{"line":45,"column":9}},"line":33},"2":{"name":"(anonymous_2)","decl":{"start":{"line":55,"column":2},"end":{"line":55,"column":3}},"loc":{"start":{"line":55,"column":67},"end":{"line":72,"column":3}},"line":55},"3":{"name":"(anonymous_3)","decl":{"start":{"line":59,"column":35},"end":{"line":59,"column":36}},"loc":{"start":{"line":59,"column":45},"end":{"line":61,"column":5}},"line":59},"4":{"name":"(anonymous_4)","decl":{"start":{"line":73,"column":2},"end":{"line":73,"column":3}},"loc":{"start":{"line":73,"column":21},"end":{"line":75,"column":3}},"line":73},"5":{"name":"(anonymous_5)","decl":{"start":{"line":76,"column":2},"end":{"line":76,"column":3}},"loc":{"start":{"line":76,"column":27},"end":{"line":82,"column":3}},"line":76},"6":{"name":"(anonymous_6)","decl":{"start":{"line":83,"column":2},"end":{"line":83,"column":3}},"loc":{"start":{"line":83,"column":59},"end":{"line":85,"column":3}},"line":83},"7":{"name":"(anonymous_7)","decl":{"start":{"line":86,"column":2},"end":{"line":86,"column":3}},"loc":{"start":{"line":86,"column":85},"end":{"line":101,"column":3}},"line":86},"8":{"name":"(anonymous_8)","decl":{"start":{"line":88,"column":30},"end":{"line":88,"column":31}},"loc":{"start":{"line":88,"column":52},"end":{"line":99,"column":5}},"line":88},"9":{"name":"(anonymous_9)","decl":{"start":{"line":102,"column":2},"end":{"line":102,"column":3}},"loc":{"start":{"line":103,"column":2},"end":{"line":116,"column":3}},"line":103},"10":{"name":"(anonymous_10)","decl":{"start":{"line":117,"column":2},"end":{"line":117,"column":3}},"loc":{"start":{"line":117,"column":19},"end":{"line":124,"column":3}},"line":117}},"branchMap":{"0":{"loc":{"start":{"line":9,"column":4},"end":{"line":11,"column":5}},"type":"if","locations":[{"start":{"line":9,"column":4},"end":{"line":11,"column":5}},{"start":{},"end":{}}],"line":9},"1":{"loc":{"start":{"line":15,"column":18},"end":{"line":17,"column":103}},"type":"cond-expr","locations":[{"start":{"line":16,"column":10},"end":{"line":16,"column":57}},{"start":{"line":17,"column":10},"end":{"line":17,"column":103}}],"line":15},"2":{"loc":{"start":{"line":15,"column":18},"end":{"line":15,"column":113}},"type":"binary-expr","locations":[{"start":{"line":15,"column":18},"end":{"line":15,"column":54}},{"start":{"line":15,"column":58},"end":{"line":15,"column":113}}],"line":15},"3":{"loc":{"start":{"line":31,"column":6},"end":{"line":48,"column":7}},"type":"if","locations":[{"start":{"line":31,"column":6},"end":{"line":48,"column":7}},{"start":{"line":46,"column":13},"end":{"line":48,"column":7}}],"line":31},"4":{"loc":{"start":{"line":37,"column":10},"end":{"line":39,"column":11}},"type":"if","locations":[{"start":{"line":37,"column":10},"end":{"line":39,"column":11}},{"start":{},"end":{}}],"line":37},"5":{"loc":{"start":{"line":64,"column":6},"end":{"line":68,"column":7}},"type":"if","locations":[{"start":{"line":64,"column":6},"end":{"line":68,"column":7}},{"start":{"line":66,"column":13},"end":{"line":68,"column":7}}],"line":64},"6":{"loc":{"start":{"line":79,"column":17},"end":{"line":79,"column":54}},"type":"binary-expr","locations":[{"start":{"line":79,"column":17},"end":{"line":79,"column":28}},{"start":{"line":79,"column":32},"end":{"line":79,"column":54}}],"line":79},"7":{"loc":{"start":{"line":81,"column":11},"end":{"line":81,"column":32}},"type":"cond-expr","locations":[{"start":{"line":81,"column":20},"end":{"line":81,"column":24}},{"start":{"line":81,"column":27},"end":{"line":81,"column":32}}],"line":81},"8":{"loc":{"start":{"line":89,"column":6},"end":{"line":98,"column":7}},"type":"if","locations":[{"start":{"line":89,"column":6},"end":{"line":98,"column":7}},{"start":{},"end":{}}],"line":89},"9":{"loc":{"start":{"line":89,"column":10},"end":{"line":94,"column":9}},"type":"binary-expr","locations":[{"start":{"line":89,"column":10},"end":{"line":89,"column":50}},{"start":{"line":90,"column":11},"end":{"line":90,"column":43}},{"start":{"line":92,"column":10},"end":{"line":92,"column":29}},{"start":{"line":93,"column":13},"end":{"line":93,"column":81}}],"line":89},"10":{"loc":{"start":{"line":118,"column":11},"end":{"line":123,"column":7}},"type":"binary-expr","locations":[{"start":{"line":118,"column":11},"end":{"line":118,"column":25}},{"start":{"line":120,"column":8},"end":{"line":120,"column":30}},{"start":{"line":121,"column":11},"end":{"line":121,"column":36}},{"start":{"line":122,"column":11},"end":{"line":122,"column":43}}],"line":118}},"s":{"0":1,"1":5,"2":5,"3":1,"4":4,"5":12,"6":12,"7":12,"8":12,"9":12,"10":12,"11":12,"12":3,"13":3,"14":9,"15":9,"16":9,"17":1,"18":9,"19":9,"20":12,"21":4,"22":0,"23":0,"24":0,"25":0,"26":0,"27":0,"28":0,"29":0,"30":0,"31":4,"32":19,"33":19,"34":19,"35":19,"36":10,"37":15,"38":15,"39":8,"40":5,"41":5,"42":15,"43":1,"44":1,"45":1,"46":0,"47":0,"48":0,"49":10,"50":1},"f":{"0":5,"1":9,"2":0,"3":0,"4":4,"5":19,"6":10,"7":15,"8":8,"9":1,"10":10},"b":{"0":[1,4],"1":[2,10],"2":[12,6],"3":[3,9],"4":[1,8],"5":[0,0],"6":[19,5],"7":[5,14],"8":[5,3],"9":[8,6,6,4],"10":[10,8,8,0]},"_coverageSchema":"1a1c01bbd47fc00a2c39e90264f33305004495a9","hash":"9bc55e19bd30251d8eba0e6b972ca807866ad092"}
}
