TN:
SF:assets/vue/shared/optionFunctions.js
FN:6,(anonymous_0)
FN:33,(anonymous_1)
FN:55,(anonymous_2)
FN:59,(anonymous_3)
FN:73,(anonymous_4)
FN:76,(anonymous_5)
FN:83,(anonymous_6)
FN:86,(anonymous_7)
FN:88,(anonymous_8)
FN:102,(anonymous_9)
FN:117,(anonymous_10)
FNF:11
FNH:9
FNDA:5,(anonymous_0)
FNDA:9,(anonymous_1)
FNDA:0,(anonymous_2)
FNDA:0,(anonymous_3)
FNDA:4,(anonymous_4)
FNDA:19,(anonymous_5)
FNDA:10,(anonymous_6)
FNDA:15,(anonymous_7)
FNDA:8,(anonymous_8)
FNDA:1,(anonymous_9)
FNDA:10,(anonymous_10)
DA:1,1
DA:7,5
DA:9,5
DA:10,1
DA:13,4
DA:14,12
DA:15,12
DA:19,12
DA:20,12
DA:21,12
DA:22,12
DA:31,12
DA:32,3
DA:33,3
DA:34,9
DA:35,9
DA:37,9
DA:38,1
DA:41,9
DA:47,9
DA:50,12
DA:53,4
DA:56,0
DA:57,0
DA:59,0
DA:60,0
DA:63,0
DA:64,0
DA:65,0
DA:67,0
DA:71,0
DA:74,4
DA:77,19
DA:78,19
DA:79,19
DA:81,19
DA:84,10
DA:87,15
DA:88,15
DA:89,8
DA:96,5
DA:97,5
DA:100,15
DA:104,1
DA:105,1
DA:106,1
DA:107,0
DA:108,0
DA:115,0
DA:118,10
DA:127,1
LF:51
LH:39
BRDA:9,0,0,1
BRDA:9,0,1,4
BRDA:15,1,0,2
BRDA:15,1,1,10
BRDA:15,2,0,12
BRDA:15,2,1,6
BRDA:31,3,0,3
BRDA:31,3,1,9
BRDA:37,4,0,1
BRDA:37,4,1,8
BRDA:64,5,0,0
BRDA:64,5,1,0
BRDA:79,6,0,19
BRDA:79,6,1,5
BRDA:81,7,0,5
BRDA:81,7,1,14
BRDA:89,8,0,5
BRDA:89,8,1,3
BRDA:89,9,0,8
BRDA:89,9,1,6
BRDA:89,9,2,6
BRDA:89,9,3,4
BRDA:118,10,0,10
BRDA:118,10,1,8
BRDA:118,10,2,8
BRDA:118,10,3,0
BRF:26
BRH:23
end_of_record
