TN:
SF:assets/vue/shared/optionFunctions.js
FN:6,(anonymous_0)
FN:37,(anonymous_1)
FN:59,(anonymous_2)
FN:62,(anonymous_3)
FN:69,(anonymous_4)
FN:72,(anonymous_5)
FN:74,(anonymous_6)
FN:88,(anonymous_7)
FN:103,(anonymous_8)
FNF:9
FNH:9
FNDA:5,(anonymous_0)
FNDA:6,(anonymous_1)
FNDA:3,(anonymous_2)
FNDA:13,(anonymous_3)
FNDA:7,(anonymous_4)
FNDA:9,(anonymous_5)
FNDA:8,(anonymous_6)
FNDA:1,(anonymous_7)
FNDA:10,(anonymous_8)
DA:1,1
DA:7,5
DA:8,5
DA:10,5
DA:11,1
DA:14,4
DA:16,4
DA:17,8
DA:18,8
DA:19,8
DA:23,6
DA:24,6
DA:25,6
DA:26,6
DA:35,6
DA:36,2
DA:37,2
DA:38,6
DA:39,6
DA:41,6
DA:42,1
DA:45,6
DA:51,4
DA:54,6
DA:57,2
DA:60,3
DA:63,13
DA:64,13
DA:65,13
DA:67,13
DA:70,7
DA:73,9
DA:74,9
DA:75,8
DA:82,5
DA:83,5
DA:86,9
DA:90,1
DA:91,1
DA:92,1
DA:93,0
DA:94,0
DA:101,0
DA:104,10
DA:113,1
LF:45
LH:42
BRDA:10,0,0,1
BRDA:10,0,1,4
BRDA:19,1,0,2
BRDA:19,1,1,4
BRDA:19,2,0,8
BRDA:19,2,1,2
BRDA:35,3,0,2
BRDA:35,3,1,4
BRDA:41,4,0,1
BRDA:41,4,1,5
BRDA:65,5,0,13
BRDA:65,5,1,4
BRDA:67,6,0,4
BRDA:67,6,1,9
BRDA:75,7,0,5
BRDA:75,7,1,3
BRDA:75,8,0,8
BRDA:75,8,1,6
BRDA:75,8,2,6
BRDA:75,8,3,4
BRDA:104,9,0,10
BRDA:104,9,1,8
BRDA:104,9,2,8
BRDA:104,9,3,0
BRF:24
BRH:23
end_of_record
